[debug] [2022-01-23T19:51:46.830Z] ----------------------------------------------------------------------
[debug] [2022-01-23T19:51:46.833Z] Command:       C:\Program Files\nodejs\node.exe C:\Users\Vres\AppData\Roaming\npm\node_modules\firebase-tools\lib\bin\firebase.js deploy
[debug] [2022-01-23T19:51:46.833Z] CLI Version:   10.1.2
[debug] [2022-01-23T19:51:46.834Z] Platform:      win32
[debug] [2022-01-23T19:51:46.834Z] Node Version:  v14.17.0
[debug] [2022-01-23T19:51:46.835Z] Time:          Sun Jan 23 2022 21:51:46 GMT+0200 (Eastern European Standard Time)
[debug] [2022-01-23T19:51:46.835Z] ----------------------------------------------------------------------
[debug] 
[debug] [2022-01-23T19:51:46.882Z] Object ".hosting.rewrites[0]" in "firebase.json" has unknown property: {"additionalProperty":"run"}
[debug] [2022-01-23T19:51:46.882Z] Object ".hosting.rewrites[0]" in "firebase.json" has unknown property: {"additionalProperty":"destination"}
[debug] [2022-01-23T19:51:46.882Z] Object ".hosting.rewrites[0]" in "firebase.json" has unknown property: {"additionalProperty":"destination"}
[debug] [2022-01-23T19:51:46.883Z] Object ".hosting.rewrites[0]" in "firebase.json" has unknown property: {"additionalProperty":"destination"}
[debug] [2022-01-23T19:51:46.883Z] Object ".hosting.rewrites[0]" in "firebase.json" has unknown property: {"additionalProperty":"source"}
[debug] [2022-01-23T19:51:46.883Z] Object ".hosting.rewrites[0]" in "firebase.json" has unknown property: {"additionalProperty":"source"}
[debug] [2022-01-23T19:51:46.883Z] Object ".hosting.rewrites[0]" in "firebase.json" has unknown property: {"additionalProperty":"source"}
[debug] [2022-01-23T19:51:46.883Z] Object ".hosting.rewrites[0]" in "firebase.json" has unknown property: {"additionalProperty":"source"}
[debug] [2022-01-23T19:51:46.883Z] Field ".hosting.rewrites[0]" in "firebase.json" is possibly invalid: should match some schema in anyOf
[debug] [2022-01-23T19:51:46.883Z] Field ".hosting" in "firebase.json" is possibly invalid: should be array
[debug] [2022-01-23T19:51:46.883Z] Field ".hosting" in "firebase.json" is possibly invalid: should match some schema in anyOf
[debug] [2022-01-23T19:51:46.887Z] > command requires scopes: ["email","openid","https://www.googleapis.com/auth/cloudplatformprojects.readonly","https://www.googleapis.com/auth/firebase","https://www.googleapis.com/auth/cloud-platform"]
[debug] [2022-01-23T19:51:46.888Z] > authorizing via signed-in user (parkpatrick1@gmail.com)
[debug] [2022-01-23T19:51:46.888Z] [iam] checking project retsipi for permissions ["cloudfunctions.functions.create","cloudfunctions.functions.delete","cloudfunctions.functions.get","cloudfunctions.functions.list","cloudfunctions.functions.update","cloudfunctions.operations.get","firebase.projects.get","firebasehosting.sites.update"]
[debug] [2022-01-23T19:51:46.889Z] >>> HTTP REQUEST POST https://cloudresourcemanager.googleapis.com/v1/projects/retsipi:testIamPermissions  
 {"permissions":["cloudfunctions.functions.create","cloudfunctions.functions.delete","cloudfunctions.functions.get","cloudfunctions.functions.list","cloudfunctions.functions.update","cloudfunctions.operations.get","firebase.projects.get","firebasehosting.sites.update"]}
